<?xml version="1.0" encoding="UTF-8"?>
<testsuite xmlns:xsi="http://www.w3.org/2001/XMLSchema-instance" xsi:noNamespaceSchemaLocation="https://maven.apache.org/surefire/maven-surefire-plugin/xsd/surefire-test-report.xsd" name="com.trivera.StringAssemblerTest" time="0" tests="7" errors="0" skipped="0" failures="0">
  <properties>
    <property name="sun.desktop" value="windows"/>
    <property name="awt.toolkit" value="sun.awt.windows.WToolkit"/>
    <property name="file.encoding.pkg" value="sun.io"/>
    <property name="java.specification.version" value="1.8"/>
    <property name="sun.cpu.isalist" value="amd64"/>
    <property name="sun.jnu.encoding" value="Cp1252"/>
    <property name="java.class.path" value="C:\StudentWork\tutorial\IntelliJ-maven\lab-code\target\test-classes;C:\StudentWork\tutorial\IntelliJ-maven\lab-code\target\classes;C:\StudentWork\tools\local\repository\org\junit\jupiter\junit-jupiter\5.7.0-RC1\junit-jupiter-5.7.0-RC1.jar;C:\StudentWork\tools\local\repository\org\junit\jupiter\junit-jupiter-api\5.7.0-RC1\junit-jupiter-api-5.7.0-RC1.jar;C:\StudentWork\tools\local\repository\org\opentest4j\opentest4j\1.2.0\opentest4j-1.2.0.jar;C:\StudentWork\tools\local\repository\org\junit\platform\junit-platform-commons\1.7.0-RC1\junit-platform-commons-1.7.0-RC1.jar;C:\StudentWork\tools\local\repository\org\junit\jupiter\junit-jupiter-params\5.7.0-RC1\junit-jupiter-params-5.7.0-RC1.jar;C:\StudentWork\tools\local\repository\org\junit\jupiter\junit-jupiter-engine\5.7.0-RC1\junit-jupiter-engine-5.7.0-RC1.jar;C:\StudentWork\tools\local\repository\org\junit\vintage\junit-vintage-engine\5.4.0\junit-vintage-engine-5.4.0.jar;C:\StudentWork\tools\local\repository\org\apiguardian\apiguardian-api\1.0.0\apiguardian-api-1.0.0.jar;C:\StudentWork\tools\local\repository\org\junit\platform\junit-platform-engine\1.4.0\junit-platform-engine-1.4.0.jar;C:\StudentWork\tools\local\repository\junit\junit\4.13\junit-4.13.jar;C:\StudentWork\tools\local\repository\org\hamcrest\hamcrest-core\1.3\hamcrest-core-1.3.jar;"/>
    <property name="java.vm.vendor" value="Oracle Corporation"/>
    <property name="sun.arch.data.model" value="64"/>
    <property name="user.variant" value=""/>
    <property name="java.vendor.url" value="http://java.oracle.com/"/>
    <property name="user.timezone" value="GMT"/>
    <property name="java.vm.specification.version" value="1.8"/>
    <property name="os.name" value="Windows Server 2016"/>
    <property name="user.country" value="US"/>
    <property name="sun.java.launcher" value="SUN_STANDARD"/>
    <property name="sun.boot.library.path" value="C:\Program Files\Java\jdk1.8.0_221\jre\bin"/>
    <property name="sun.java.command" value="C:\Users\student\AppData\Local\Temp\2\surefire1360642557108505624\surefirebooter3763724914051350072.jar C:\Users\student\AppData\Local\Temp\2\surefire1360642557108505624 2020-08-24T14-42-53_390-jvmRun1 surefire3647231427924830742tmp surefire_05774223882268776827tmp"/>
    <property name="surefire.test.class.path" value="C:\StudentWork\tutorial\IntelliJ-maven\lab-code\target\test-classes;C:\StudentWork\tutorial\IntelliJ-maven\lab-code\target\classes;C:\StudentWork\tools\local\repository\org\junit\jupiter\junit-jupiter\5.7.0-RC1\junit-jupiter-5.7.0-RC1.jar;C:\StudentWork\tools\local\repository\org\junit\jupiter\junit-jupiter-api\5.7.0-RC1\junit-jupiter-api-5.7.0-RC1.jar;C:\StudentWork\tools\local\repository\org\opentest4j\opentest4j\1.2.0\opentest4j-1.2.0.jar;C:\StudentWork\tools\local\repository\org\junit\platform\junit-platform-commons\1.7.0-RC1\junit-platform-commons-1.7.0-RC1.jar;C:\StudentWork\tools\local\repository\org\junit\jupiter\junit-jupiter-params\5.7.0-RC1\junit-jupiter-params-5.7.0-RC1.jar;C:\StudentWork\tools\local\repository\org\junit\jupiter\junit-jupiter-engine\5.7.0-RC1\junit-jupiter-engine-5.7.0-RC1.jar;C:\StudentWork\tools\local\repository\org\junit\vintage\junit-vintage-engine\5.4.0\junit-vintage-engine-5.4.0.jar;C:\StudentWork\tools\local\repository\org\apiguardian\apiguardian-api\1.0.0\apiguardian-api-1.0.0.jar;C:\StudentWork\tools\local\repository\org\junit\platform\junit-platform-engine\1.4.0\junit-platform-engine-1.4.0.jar;C:\StudentWork\tools\local\repository\junit\junit\4.13\junit-4.13.jar;C:\StudentWork\tools\local\repository\org\hamcrest\hamcrest-core\1.3\hamcrest-core-1.3.jar;"/>
    <property name="sun.cpu.endian" value="little"/>
    <property name="user.home" value="C:\Users\student"/>
    <property name="user.language" value="en"/>
    <property name="java.specification.vendor" value="Oracle Corporation"/>
    <property name="java.home" value="C:\Program Files\Java\jdk1.8.0_221\jre"/>
    <property name="basedir" value="C:\StudentWork\tutorial\IntelliJ-maven\lab-code"/>
    <property name="file.separator" value="\"/>
    <property name="line.separator" value="&#10;"/>
    <property name="java.vm.specification.vendor" value="Oracle Corporation"/>
    <property name="java.specification.name" value="Java Platform API Specification"/>
    <property name="java.awt.graphicsenv" value="sun.awt.Win32GraphicsEnvironment"/>
    <property name="surefire.real.class.path" value="C:\Users\student\AppData\Local\Temp\2\surefire1360642557108505624\surefirebooter3763724914051350072.jar"/>
    <property name="sun.boot.class.path" value="C:\Program Files\Java\jdk1.8.0_221\jre\lib\resources.jar;C:\Program Files\Java\jdk1.8.0_221\jre\lib\rt.jar;C:\Program Files\Java\jdk1.8.0_221\jre\lib\sunrsasign.jar;C:\Program Files\Java\jdk1.8.0_221\jre\lib\jsse.jar;C:\Program Files\Java\jdk1.8.0_221\jre\lib\jce.jar;C:\Program Files\Java\jdk1.8.0_221\jre\lib\charsets.jar;C:\Program Files\Java\jdk1.8.0_221\jre\lib\jfr.jar;C:\Program Files\Java\jdk1.8.0_221\jre\classes"/>
    <property name="user.script" value=""/>
    <property name="sun.management.compiler" value="HotSpot 64-Bit Tiered Compilers"/>
    <property name="java.runtime.version" value="1.8.0_221-b11"/>
    <property name="user.name" value="student"/>
    <property name="path.separator" value=";"/>
    <property name="os.version" value="10.0"/>
    <property name="java.endorsed.dirs" value="C:\Program Files\Java\jdk1.8.0_221\jre\lib\endorsed"/>
    <property name="java.runtime.name" value="Java(TM) SE Runtime Environment"/>
    <property name="file.encoding" value="Cp1252"/>
    <property name="java.vm.name" value="Java HotSpot(TM) 64-Bit Server VM"/>
    <property name="localRepository" value="C:\StudentWork\tools\local\repository"/>
    <property name="java.vendor.url.bug" value="http://bugreport.sun.com/bugreport/"/>
    <property name="java.io.tmpdir" value="C:\Users\student\AppData\Local\Temp\2\"/>
    <property name="idea.version" value="2020.2"/>
    <property name="java.version" value="1.8.0_221"/>
    <property name="user.dir" value="C:\StudentWork\tutorial\IntelliJ-maven\lab-code"/>
    <property name="os.arch" value="amd64"/>
    <property name="java.vm.specification.name" value="Java Virtual Machine Specification"/>
    <property name="java.awt.printerjob" value="sun.awt.windows.WPrinterJob"/>
    <property name="sun.os.patch.level" value=""/>
    <property name="java.library.path" value="C:\Program Files\Java\jdk1.8.0_221\jre\bin;C:\Windows\Sun\Java\bin;C:\Windows\system32;C:\Windows;C:\Program Files (x86)\Common Files\Oracle\Java\javapath;C:\Windows\system32;C:\Windows;C:\Windows\System32\Wbem;C:\Windows\System32\WindowsPowerShell\v1.0\;C:\ProgramData\GooGet;C:\Program Files\Google\Compute Engine\metadata_scripts;C:\Program Files (x86)\Google\Cloud SDK\google-cloud-sdk\bin;C:\Program Files\Google\Compute Engine\sysprep;C:\Program Files\Java\jdk1.8.0_221\bin;C:\Users\student\AppData\Local\Microsoft\WindowsApps;;."/>
    <property name="java.vm.info" value="mixed mode"/>
    <property name="java.vendor" value="Oracle Corporation"/>
    <property name="java.vm.version" value="25.221-b11"/>
    <property name="java.ext.dirs" value="C:\Program Files\Java\jdk1.8.0_221\jre\lib\ext;C:\Windows\Sun\Java\lib\ext"/>
    <property name="sun.io.unicode.encoding" value="UnicodeLittle"/>
    <property name="maven.repo.local" value="C:\StudentWork\tools\local\repository"/>
    <property name="java.class.version" value="52.0"/>
  </properties>
  <testcase name="testNull" classname="com.trivera.StringAssemblerTest" time="0"/>
  <testcase name="test" classname="com.trivera.StringAssemblerTest" time="0"/>
  <testcase name="test1" classname="com.trivera.StringAssemblerTest" time="0"/>
  <testcase name="test2" classname="com.trivera.StringAssemblerTest" time="0"/>
  <testcase name="test3" classname="com.trivera.StringAssemblerTest" time="0"/>
  <testcase name="test4" classname="com.trivera.StringAssemblerTest" time="0"/>
  <testcase name="test5" classname="com.trivera.StringAssemblerTest" time="0"/>
</testsuite>